<?xml version="1.0" encoding="UTF-8"?>
<!-- Generated by org.testng.reporters.JUnitReportReporter -->
<testsuite skipped="0" hostname="JCB-MacBook-Pro.local" name="ResponseHeaders" tests="6" failures="0" timestamp="30 Mar 2020 01:12:14 GMT" time="3.604" errors="0">
  <testcase name="dateIsPresent" time="0.432" classname="ResponseHeaders"/>
  <testcase name="dateIsPresent" time="0.426" classname="ResponseHeaders"/>
  <testcase name="contentTypeIsJson" time="0.348" classname="ResponseHeaders"/>
  <testcase name="contentTypeIsJson" time="1.532" classname="ResponseHeaders"/>
  <testcase name="serverIsJetty" time="0.459" classname="ResponseHeaders"/>
  <testcase name="serverIsJetty" time="0.407" classname="ResponseHeaders"/>
</testsuite> <!-- ResponseHeaders -->
