<?xml version="1.0" encoding="UTF-8"?>
<!-- Generated by org.testng.reporters.JUnitReportReporter -->
<testsuite skipped="4" hostname="JCB-MacBook-Pro.local" name="DeleteAndPost" tests="22" failures="0" timestamp="30 Mar 2020 01:11:59 GMT" time="10.874" errors="12">
  <testcase name="createOrder200" time="1.017" classname="DeleteAndPost"/>
  <testcase name="deleteIsSuccessful" time="0.384" classname="DeleteAndPost"/>
  <testcase name="createInvalidOrder400" time="1.006" classname="DeleteAndPost">
    <skipped/>
  </testcase> <!-- createInvalidOrder400 -->
  <testcase name="createInvalidOrder400" time="0.427" classname="DeleteAndPost">
    <error type="java.io.IOException" message="Basic criteria failed,was expecting code 400, but got: 200">
      <![CDATA[java.io.IOException: Basic criteria failed,was expecting code 400, but got: 200
at DeleteAndPost.getStatusForPOSTResponse(DeleteAndPost.java:75)
at DeleteAndPost.createInvalidOrder400(DeleteAndPost.java:26)
at sun.reflect.NativeMethodAccessorImpl.invoke0(Native Method)
at sun.reflect.NativeMethodAccessorImpl.invoke(NativeMethodAccessorImpl.java:62)
at sun.reflect.DelegatingMethodAccessorImpl.invoke(DelegatingMethodAccessorImpl.java:43)
at java.lang.reflect.Method.invoke(Method.java:498)
at org.testng.internal.MethodInvocationHelper.invokeMethod(MethodInvocationHelper.java:124)
at org.testng.internal.InvokeMethodRunnable.runOne(InvokeMethodRunnable.java:54)
at org.testng.internal.InvokeMethodRunnable.run(InvokeMethodRunnable.java:44)
at java.util.concurrent.Executors$RunnableAdapter.call(Executors.java:511)
at java.util.concurrent.FutureTask.run(FutureTask.java:266)
at java.util.concurrent.ThreadPoolExecutor.runWorker(ThreadPoolExecutor.java:1149)
at java.util.concurrent.ThreadPoolExecutor$Worker.run(ThreadPoolExecutor.java:624)
at java.lang.Thread.run(Thread.java:748)
]]>
    </error>
  </testcase> <!-- createInvalidOrder400 -->
  <testcase name="deleteInvalidIDSupplied" time="0.375" classname="DeleteAndPost">
    <error type="java.io.IOException" message="Basic criteria failed,was expecting code 400, but got: 404">
      <![CDATA[java.io.IOException: Basic criteria failed,was expecting code 400, but got: 404
at DeleteAndPost.getStatusForDeleteResponse(DeleteAndPost.java:92)
at DeleteAndPost.deleteInvalidIDSupplied(DeleteAndPost.java:50)
at sun.reflect.NativeMethodAccessorImpl.invoke0(Native Method)
at sun.reflect.NativeMethodAccessorImpl.invoke(NativeMethodAccessorImpl.java:62)
at sun.reflect.DelegatingMethodAccessorImpl.invoke(DelegatingMethodAccessorImpl.java:43)
at java.lang.reflect.Method.invoke(Method.java:498)
at org.testng.internal.MethodInvocationHelper.invokeMethod(MethodInvocationHelper.java:124)
at org.testng.internal.InvokeMethodRunnable.runOne(InvokeMethodRunnable.java:54)
at org.testng.internal.InvokeMethodRunnable.run(InvokeMethodRunnable.java:44)
at java.util.concurrent.Executors$RunnableAdapter.call(Executors.java:511)
at java.util.concurrent.FutureTask.run(FutureTask.java:266)
at java.util.concurrent.ThreadPoolExecutor.runWorker(ThreadPoolExecutor.java:1149)
at java.util.concurrent.ThreadPoolExecutor$Worker.run(ThreadPoolExecutor.java:624)
at java.lang.Thread.run(Thread.java:748)
]]>
    </error>
  </testcase> <!-- deleteInvalidIDSupplied -->
  <testcase name="createInvalidOrder400" time="0.419" classname="DeleteAndPost">
    <skipped/>
  </testcase> <!-- createInvalidOrder400 -->
  <testcase name="deleteInvalidIDSupplied" time="0.431" classname="DeleteAndPost">
    <error type="java.io.IOException" message="Basic criteria failed,was expecting code 400, but got: 200">
      <![CDATA[java.io.IOException: Basic criteria failed,was expecting code 400, but got: 200
at DeleteAndPost.getStatusForDeleteResponse(DeleteAndPost.java:92)
at DeleteAndPost.deleteInvalidIDSupplied(DeleteAndPost.java:50)
at sun.reflect.NativeMethodAccessorImpl.invoke0(Native Method)
at sun.reflect.NativeMethodAccessorImpl.invoke(NativeMethodAccessorImpl.java:62)
at sun.reflect.DelegatingMethodAccessorImpl.invoke(DelegatingMethodAccessorImpl.java:43)
at java.lang.reflect.Method.invoke(Method.java:498)
at org.testng.internal.MethodInvocationHelper.invokeMethod(MethodInvocationHelper.java:124)
at org.testng.internal.InvokeMethodRunnable.runOne(InvokeMethodRunnable.java:54)
at org.testng.internal.InvokeMethodRunnable.run(InvokeMethodRunnable.java:44)
at java.util.concurrent.Executors$RunnableAdapter.call(Executors.java:511)
at java.util.concurrent.FutureTask.run(FutureTask.java:266)
at java.util.concurrent.ThreadPoolExecutor.runWorker(ThreadPoolExecutor.java:1149)
at java.util.concurrent.ThreadPoolExecutor$Worker.run(ThreadPoolExecutor.java:624)
at java.lang.Thread.run(Thread.java:748)
]]>
    </error>
  </testcase> <!-- deleteInvalidIDSupplied -->
  <testcase name="createInvalidOrder400" time="0.433" classname="DeleteAndPost"/>
  <testcase name="deleteInvalidIDSupplied" time="0.391" classname="DeleteAndPost">
    <error type="java.io.IOException" message="Basic criteria failed,was expecting code 400, but got: 404">
      <![CDATA[java.io.IOException: Basic criteria failed,was expecting code 400, but got: 404
at DeleteAndPost.getStatusForDeleteResponse(DeleteAndPost.java:92)
at DeleteAndPost.deleteInvalidIDSupplied(DeleteAndPost.java:50)
at sun.reflect.NativeMethodAccessorImpl.invoke0(Native Method)
at sun.reflect.NativeMethodAccessorImpl.invoke(NativeMethodAccessorImpl.java:62)
at sun.reflect.DelegatingMethodAccessorImpl.invoke(DelegatingMethodAccessorImpl.java:43)
at java.lang.reflect.Method.invoke(Method.java:498)
at org.testng.internal.MethodInvocationHelper.invokeMethod(MethodInvocationHelper.java:124)
at org.testng.internal.InvokeMethodRunnable.runOne(InvokeMethodRunnable.java:54)
at org.testng.internal.InvokeMethodRunnable.run(InvokeMethodRunnable.java:44)
at java.util.concurrent.Executors$RunnableAdapter.call(Executors.java:511)
at java.util.concurrent.FutureTask.run(FutureTask.java:266)
at java.util.concurrent.ThreadPoolExecutor.runWorker(ThreadPoolExecutor.java:1149)
at java.util.concurrent.ThreadPoolExecutor$Worker.run(ThreadPoolExecutor.java:624)
at java.lang.Thread.run(Thread.java:748)
]]>
    </error>
  </testcase> <!-- deleteInvalidIDSupplied -->
  <testcase name="createInvalidOrder400" time="0.502" classname="DeleteAndPost">
    <error type="java.io.IOException" message="Basic criteria failed,was expecting code 400, but got: 200">
      <![CDATA[java.io.IOException: Basic criteria failed,was expecting code 400, but got: 200
at DeleteAndPost.getStatusForPOSTResponse(DeleteAndPost.java:75)
at DeleteAndPost.createInvalidOrder400(DeleteAndPost.java:26)
at sun.reflect.NativeMethodAccessorImpl.invoke0(Native Method)
at sun.reflect.NativeMethodAccessorImpl.invoke(NativeMethodAccessorImpl.java:62)
at sun.reflect.DelegatingMethodAccessorImpl.invoke(DelegatingMethodAccessorImpl.java:43)
at java.lang.reflect.Method.invoke(Method.java:498)
at org.testng.internal.MethodInvocationHelper.invokeMethod(MethodInvocationHelper.java:124)
at org.testng.internal.InvokeMethodRunnable.runOne(InvokeMethodRunnable.java:54)
at org.testng.internal.InvokeMethodRunnable.run(InvokeMethodRunnable.java:44)
at java.util.concurrent.Executors$RunnableAdapter.call(Executors.java:511)
at java.util.concurrent.FutureTask.run(FutureTask.java:266)
at java.util.concurrent.ThreadPoolExecutor.runWorker(ThreadPoolExecutor.java:1149)
at java.util.concurrent.ThreadPoolExecutor$Worker.run(ThreadPoolExecutor.java:624)
at java.lang.Thread.run(Thread.java:748)
]]>
    </error>
  </testcase> <!-- createInvalidOrder400 -->
  <testcase name="deleteInvalidIDSupplied" time="0.360" classname="DeleteAndPost">
    <error type="java.io.IOException" message="Basic criteria failed,was expecting code 400, but got: 404">
      <![CDATA[java.io.IOException: Basic criteria failed,was expecting code 400, but got: 404
at DeleteAndPost.getStatusForDeleteResponse(DeleteAndPost.java:92)
at DeleteAndPost.deleteInvalidIDSupplied(DeleteAndPost.java:50)
at sun.reflect.NativeMethodAccessorImpl.invoke0(Native Method)
at sun.reflect.NativeMethodAccessorImpl.invoke(NativeMethodAccessorImpl.java:62)
at sun.reflect.DelegatingMethodAccessorImpl.invoke(DelegatingMethodAccessorImpl.java:43)
at java.lang.reflect.Method.invoke(Method.java:498)
at org.testng.internal.MethodInvocationHelper.invokeMethod(MethodInvocationHelper.java:124)
at org.testng.internal.InvokeMethodRunnable.runOne(InvokeMethodRunnable.java:54)
at org.testng.internal.InvokeMethodRunnable.run(InvokeMethodRunnable.java:44)
at java.util.concurrent.Executors$RunnableAdapter.call(Executors.java:511)
at java.util.concurrent.FutureTask.run(FutureTask.java:266)
at java.util.concurrent.ThreadPoolExecutor.runWorker(ThreadPoolExecutor.java:1149)
at java.util.concurrent.ThreadPoolExecutor$Worker.run(ThreadPoolExecutor.java:624)
at java.lang.Thread.run(Thread.java:748)
]]>
    </error>
  </testcase> <!-- deleteInvalidIDSupplied -->
  <testcase name="deleteInvalidIDSupplied" time="0.373" classname="DeleteAndPost">
    <skipped/>
  </testcase> <!-- deleteInvalidIDSupplied -->
  <testcase name="deleteOrderNotFound" time="0.392" classname="DeleteAndPost"/>
  <testcase name="createInvalidOrder400" time="0.440" classname="DeleteAndPost">
    <error type="java.io.IOException" message="Basic criteria failed,was expecting code 400, but got: 200">
      <![CDATA[java.io.IOException: Basic criteria failed,was expecting code 400, but got: 200
at DeleteAndPost.getStatusForPOSTResponse(DeleteAndPost.java:75)
at DeleteAndPost.createInvalidOrder400(DeleteAndPost.java:26)
at sun.reflect.NativeMethodAccessorImpl.invoke0(Native Method)
at sun.reflect.NativeMethodAccessorImpl.invoke(NativeMethodAccessorImpl.java:62)
at sun.reflect.DelegatingMethodAccessorImpl.invoke(DelegatingMethodAccessorImpl.java:43)
at java.lang.reflect.Method.invoke(Method.java:498)
at org.testng.internal.MethodInvocationHelper.invokeMethod(MethodInvocationHelper.java:124)
at org.testng.internal.InvokeMethodRunnable.runOne(InvokeMethodRunnable.java:54)
at org.testng.internal.InvokeMethodRunnable.run(InvokeMethodRunnable.java:44)
at java.util.concurrent.Executors$RunnableAdapter.call(Executors.java:511)
at java.util.concurrent.FutureTask.run(FutureTask.java:266)
at java.util.concurrent.ThreadPoolExecutor.runWorker(ThreadPoolExecutor.java:1149)
at java.util.concurrent.ThreadPoolExecutor$Worker.run(ThreadPoolExecutor.java:624)
at java.lang.Thread.run(Thread.java:748)
]]>
    </error>
  </testcase> <!-- createInvalidOrder400 -->
  <testcase name="deleteInvalidIDSupplied" time="0.364" classname="DeleteAndPost">
    <error type="java.io.IOException" message="Basic criteria failed,was expecting code 400, but got: 404">
      <![CDATA[java.io.IOException: Basic criteria failed,was expecting code 400, but got: 404
at DeleteAndPost.getStatusForDeleteResponse(DeleteAndPost.java:92)
at DeleteAndPost.deleteInvalidIDSupplied(DeleteAndPost.java:50)
at sun.reflect.NativeMethodAccessorImpl.invoke0(Native Method)
at sun.reflect.NativeMethodAccessorImpl.invoke(NativeMethodAccessorImpl.java:62)
at sun.reflect.DelegatingMethodAccessorImpl.invoke(DelegatingMethodAccessorImpl.java:43)
at java.lang.reflect.Method.invoke(Method.java:498)
at org.testng.internal.MethodInvocationHelper.invokeMethod(MethodInvocationHelper.java:124)
at org.testng.internal.InvokeMethodRunnable.runOne(InvokeMethodRunnable.java:54)
at org.testng.internal.InvokeMethodRunnable.run(InvokeMethodRunnable.java:44)
at java.util.concurrent.Executors$RunnableAdapter.call(Executors.java:511)
at java.util.concurrent.FutureTask.run(FutureTask.java:266)
at java.util.concurrent.ThreadPoolExecutor.runWorker(ThreadPoolExecutor.java:1149)
at java.util.concurrent.ThreadPoolExecutor$Worker.run(ThreadPoolExecutor.java:624)
at java.lang.Thread.run(Thread.java:748)
]]>
    </error>
  </testcase> <!-- deleteInvalidIDSupplied -->
  <testcase name="createInvalidOrder400" time="0.320" classname="DeleteAndPost">
    <error type="java.io.IOException" message="Basic criteria failed,was expecting code 400, but got: 200">
      <![CDATA[java.io.IOException: Basic criteria failed,was expecting code 400, but got: 200
at DeleteAndPost.getStatusForPOSTResponse(DeleteAndPost.java:75)
at DeleteAndPost.createInvalidOrder400(DeleteAndPost.java:26)
at sun.reflect.NativeMethodAccessorImpl.invoke0(Native Method)
at sun.reflect.NativeMethodAccessorImpl.invoke(NativeMethodAccessorImpl.java:62)
at sun.reflect.DelegatingMethodAccessorImpl.invoke(DelegatingMethodAccessorImpl.java:43)
at java.lang.reflect.Method.invoke(Method.java:498)
at org.testng.internal.MethodInvocationHelper.invokeMethod(MethodInvocationHelper.java:124)
at org.testng.internal.InvokeMethodRunnable.runOne(InvokeMethodRunnable.java:54)
at org.testng.internal.InvokeMethodRunnable.run(InvokeMethodRunnable.java:44)
at java.util.concurrent.Executors$RunnableAdapter.call(Executors.java:511)
at java.util.concurrent.FutureTask.run(FutureTask.java:266)
at java.util.concurrent.ThreadPoolExecutor.runWorker(ThreadPoolExecutor.java:1149)
at java.util.concurrent.ThreadPoolExecutor$Worker.run(ThreadPoolExecutor.java:624)
at java.lang.Thread.run(Thread.java:748)
]]>
    </error>
  </testcase> <!-- createInvalidOrder400 -->
  <testcase name="deleteInvalidIDSupplied" time="0.434" classname="DeleteAndPost">
    <error type="java.io.IOException" message="Basic criteria failed,was expecting code 400, but got: 404">
      <![CDATA[java.io.IOException: Basic criteria failed,was expecting code 400, but got: 404
at DeleteAndPost.getStatusForDeleteResponse(DeleteAndPost.java:92)
at DeleteAndPost.deleteInvalidIDSupplied(DeleteAndPost.java:50)
at sun.reflect.NativeMethodAccessorImpl.invoke0(Native Method)
at sun.reflect.NativeMethodAccessorImpl.invoke(NativeMethodAccessorImpl.java:62)
at sun.reflect.DelegatingMethodAccessorImpl.invoke(DelegatingMethodAccessorImpl.java:43)
at java.lang.reflect.Method.invoke(Method.java:498)
at org.testng.internal.MethodInvocationHelper.invokeMethod(MethodInvocationHelper.java:124)
at org.testng.internal.InvokeMethodRunnable.runOne(InvokeMethodRunnable.java:54)
at org.testng.internal.InvokeMethodRunnable.run(InvokeMethodRunnable.java:44)
at java.util.concurrent.Executors$RunnableAdapter.call(Executors.java:511)
at java.util.concurrent.FutureTask.run(FutureTask.java:266)
at java.util.concurrent.ThreadPoolExecutor.runWorker(ThreadPoolExecutor.java:1149)
at java.util.concurrent.ThreadPoolExecutor$Worker.run(ThreadPoolExecutor.java:624)
at java.lang.Thread.run(Thread.java:748)
]]>
    </error>
  </testcase> <!-- deleteInvalidIDSupplied -->
  <testcase name="createOrder500" time="1.092" classname="DeleteAndPost"/>
  <testcase name="createOrder500" time="0.389" classname="DeleteAndPost"/>
  <testcase name="deleteInvalidIDSupplied" time="0.476" classname="DeleteAndPost">
    <skipped/>
  </testcase> <!-- deleteInvalidIDSupplied -->
  <testcase name="createInvalidOrder400" time="0.456" classname="DeleteAndPost">
    <error type="java.io.IOException" message="Basic criteria failed,was expecting code 400, but got: 200">
      <![CDATA[java.io.IOException: Basic criteria failed,was expecting code 400, but got: 200
at DeleteAndPost.getStatusForPOSTResponse(DeleteAndPost.java:75)
at DeleteAndPost.createInvalidOrder400(DeleteAndPost.java:26)
at sun.reflect.NativeMethodAccessorImpl.invoke0(Native Method)
at sun.reflect.NativeMethodAccessorImpl.invoke(NativeMethodAccessorImpl.java:62)
at sun.reflect.DelegatingMethodAccessorImpl.invoke(DelegatingMethodAccessorImpl.java:43)
at java.lang.reflect.Method.invoke(Method.java:498)
at org.testng.internal.MethodInvocationHelper.invokeMethod(MethodInvocationHelper.java:124)
at org.testng.internal.InvokeMethodRunnable.runOne(InvokeMethodRunnable.java:54)
at org.testng.internal.InvokeMethodRunnable.run(InvokeMethodRunnable.java:44)
at java.util.concurrent.Executors$RunnableAdapter.call(Executors.java:511)
at java.util.concurrent.FutureTask.run(FutureTask.java:266)
at java.util.concurrent.ThreadPoolExecutor.runWorker(ThreadPoolExecutor.java:1149)
at java.util.concurrent.ThreadPoolExecutor$Worker.run(ThreadPoolExecutor.java:624)
at java.lang.Thread.run(Thread.java:748)
]]>
    </error>
  </testcase> <!-- createInvalidOrder400 -->
  <testcase name="deleteInvalidIDSupplied" time="0.393" classname="DeleteAndPost">
    <error type="java.io.IOException" message="Basic criteria failed,was expecting code 400, but got: 404">
      <![CDATA[java.io.IOException: Basic criteria failed,was expecting code 400, but got: 404
at DeleteAndPost.getStatusForDeleteResponse(DeleteAndPost.java:92)
at DeleteAndPost.deleteInvalidIDSupplied(DeleteAndPost.java:50)
at sun.reflect.NativeMethodAccessorImpl.invoke0(Native Method)
at sun.reflect.NativeMethodAccessorImpl.invoke(NativeMethodAccessorImpl.java:62)
at sun.reflect.DelegatingMethodAccessorImpl.invoke(DelegatingMethodAccessorImpl.java:43)
at java.lang.reflect.Method.invoke(Method.java:498)
at org.testng.internal.MethodInvocationHelper.invokeMethod(MethodInvocationHelper.java:124)
at org.testng.internal.InvokeMethodRunnable.runOne(InvokeMethodRunnable.java:54)
at org.testng.internal.InvokeMethodRunnable.run(InvokeMethodRunnable.java:44)
at java.util.concurrent.Executors$RunnableAdapter.call(Executors.java:511)
at java.util.concurrent.FutureTask.run(FutureTask.java:266)
at java.util.concurrent.ThreadPoolExecutor.runWorker(ThreadPoolExecutor.java:1149)
at java.util.concurrent.ThreadPoolExecutor$Worker.run(ThreadPoolExecutor.java:624)
at java.lang.Thread.run(Thread.java:748)
]]>
    </error>
  </testcase> <!-- deleteInvalidIDSupplied -->
</testsuite> <!-- DeleteAndPost -->
