<?xml version="1.0" encoding="UTF-8"?>
<!-- Generated by org.testng.reporters.JUnitReportReporter -->
<testsuite skipped="0" hostname="JCB-MacBook-Pro.local" name="Options204" tests="1" failures="0" timestamp="30 Mar 2020 01:12:24 GMT" time="0.409" errors="0">
  <testcase name="optionsReturnsCorrectMethodsList" time="0.409" classname="Options204"/>
</testsuite> <!-- Options204 -->
