<?xml version="1.0" encoding="UTF-8"?>
<!-- Generated by org.testng.reporters.JUnitReportReporter -->
<testsuite skipped="0" hostname="JCB-MacBook-Pro.local" name="Get200" tests="2" failures="0" timestamp="30 Mar 2020 01:12:19 GMT" time="0.722" errors="0">
  <testcase name="inventoryReturns200" time="0.354" classname="Get200"/>
  <testcase name="searchOrderByID200" time="0.368" classname="Get200"/>
</testsuite> <!-- Get200 -->
